-------------------------------------------------------------------------------
Test set: com.courses.academy.AcademyApplicationTests
-------------------------------------------------------------------------------
Tests run: 1, Failures: 0, Errors: 1, Skipped: 0, Time elapsed: 12.579 s <<< FAILURE! - in com.courses.academy.AcademyApplicationTests
contextLoads  Time elapsed: 0.001 s  <<< ERROR!
java.lang.IllegalStateException: Failed to load ApplicationContext
Caused by: org.springframework.beans.factory.BeanCreationException: Error creating bean with name 'userRepository': FactoryBean threw exception on object creation; nested exception is java.lang.IllegalArgumentException: Validation failed for query for method public abstract com.courses.academy.entity.User com.courses.academy.repository.UserRepository.findByNameAndPwd(java.lang.String,java.lang.String)!
Caused by: java.lang.IllegalArgumentException: Validation failed for query for method public abstract com.courses.academy.entity.User com.courses.academy.repository.UserRepository.findByNameAndPwd(java.lang.String,java.lang.String)!
Caused by: java.lang.IllegalArgumentException: 
org.hibernate.QueryException: No data type for node: org.hibernate.hql.internal.ast.tree.IdentNode 
 \-[IDENT] IdentNode: 'user' {originalText=user}
 [select user from com.courses.academy.entity.User u where u.userId =:userId and u.password =:password]
Caused by: org.hibernate.QueryException: 
No data type for node: org.hibernate.hql.internal.ast.tree.IdentNode 
 \-[IDENT] IdentNode: 'user' {originalText=user}
 [select user from com.courses.academy.entity.User u where u.userId =:userId and u.password =:password]
Caused by: org.hibernate.QueryException: 
No data type for node: org.hibernate.hql.internal.ast.tree.IdentNode 
 \-[IDENT] IdentNode: 'user' {originalText=user}


